array (
)
-------------------------------------
array (
)
-------------------------------------
array (
)
-------------------------------------
array (
)
-------------------------------------
array (
)
-------------------------------------
array (
)
-------------------------------------
array (
  0 => 'create_update',
  1 => 'create',
  2 => 'update',
)
-------------------------------------
array (
  0 => 'create_update',
  1 => 'create',
  2 => 'update',
)
-------------------------------------
array (
  0 => 'create_update',
  1 => 'create',
  2 => 'update',
)
-------------------------------------
array (
  0 => 'create_update',
  1 => 'create',
  2 => 'update',
)
-------------------------------------
array (
  0 => 'create_update',
  1 => 'create',
  2 => 'update',
)
-------------------------------------
array (
  0 => 'create_update',
  1 => 'create',
  2 => 'update',
)
-------------------------------------
array (
  0 => 'create_update',
  1 => 'create',
  2 => 'update',
)
-------------------------------------
array (
  0 => 'create_update',
  1 => 'create',
  2 => 'update',
)
-------------------------------------
