13/05/2024 10:02:55:user:  : array (
  0 => 
  \WP_User::__set_state(array(
     'data' => 
    (object) array(
       'ID' => '3',
       'user_login' => 'customer2',
       'user_pass' => '$P$B6.tbqNcn9/yVihlXKcjzi1V/uCz9.1',
       'user_nicename' => 'customer2',
       'user_email' => 'customer2@gmail.com',
       'user_url' => '',
       'user_registered' => '2024-05-13 09:37:41',
       'user_activation_key' => '1715593061:$P$BS.AfASSz1lfTCsly7Iq.Ri97Y9OQ81',
       'user_status' => '0',
       'display_name' => 'customer2',
    ),
     'ID' => 3,
     'caps' => 
    array (
      'customer' => true,
    ),
     'cap_key' => 'wp_capabilities',
     'roles' => 
    array (
      0 => 'customer',
    ),
     'allcaps' => 
    array (
      'read' => true,
      'customer' => true,
    ),
     'filter' => NULL,
     'site_id' => 1,
  )),
  1 => 
  \WP_User::__set_state(array(
     'data' => 
    (object) array(
       'ID' => '4',
       'user_login' => 'customer3',
       'user_pass' => '$P$BNsP6ke.xOAiB1tNLJ/Xl7hIZ/T4./1',
       'user_nicename' => 'customer3',
       'user_email' => 'customer3@gmail.com',
       'user_url' => '',
       'user_registered' => '2024-05-13 09:43:11',
       'user_activation_key' => '1715593391:$P$BflU9yZ8CqmeCoeB82dUsMHv8Ifj6L0',
       'user_status' => '0',
       'display_name' => 'customer3',
    ),
     'ID' => 4,
     'caps' => 
    array (
      'customer' => true,
    ),
     'cap_key' => 'wp_capabilities',
     'roles' => 
    array (
      0 => 'customer',
    ),
     'allcaps' => 
    array (
      'read' => true,
      'customer' => true,
    ),
     'filter' => NULL,
     'site_id' => 1,
  )),
  2 => 
  \WP_User::__set_state(array(
     'data' => 
    (object) array(
       'ID' => '5',
       'user_login' => 'customer4',
       'user_pass' => '$P$BnwzXBLrRxeaMkylJA2lePBY5GvfU5.',
       'user_nicename' => 'customer4',
       'user_email' => 'customer4@gmail.com',
       'user_url' => '',
       'user_registered' => '2024-05-13 09:43:45',
       'user_activation_key' => '1715593425:$P$BvTDBQ8E7rp.kfQxneo736X8Ccfm/E.',
       'user_status' => '0',
       'display_name' => 'customer3',
    ),
     'ID' => 5,
     'caps' => 
    array (
      'customer' => true,
    ),
     'cap_key' => 'wp_capabilities',
     'roles' => 
    array (
      0 => 'customer',
    ),
     'allcaps' => 
    array (
      'read' => true,
      'customer' => true,
    ),
     'filter' => NULL,
     'site_id' => 1,
  )),
)
13/05/2024 10:03:30:user:  : array (
  0 => 
  \WP_User::__set_state(array(
     'data' => 
    (object) array(
       'ID' => '3',
       'user_login' => 'customer2',
       'user_pass' => '$P$B6.tbqNcn9/yVihlXKcjzi1V/uCz9.1',
       'user_nicename' => 'customer2',
       'user_email' => 'customer2@gmail.com',
       'user_url' => '',
       'user_registered' => '2024-05-13 09:37:41',
       'user_activation_key' => '1715593061:$P$BS.AfASSz1lfTCsly7Iq.Ri97Y9OQ81',
       'user_status' => '0',
       'display_name' => 'customer2',
    ),
     'ID' => 3,
     'caps' => 
    array (
      'customer' => true,
    ),
     'cap_key' => 'wp_capabilities',
     'roles' => 
    array (
      0 => 'customer',
    ),
     'allcaps' => 
    array (
      'read' => true,
      'customer' => true,
    ),
     'filter' => NULL,
     'site_id' => 1,
  )),
  1 => 
  \WP_User::__set_state(array(
     'data' => 
    (object) array(
       'ID' => '4',
       'user_login' => 'customer3',
       'user_pass' => '$P$BNsP6ke.xOAiB1tNLJ/Xl7hIZ/T4./1',
       'user_nicename' => 'customer3',
       'user_email' => 'customer3@gmail.com',
       'user_url' => '',
       'user_registered' => '2024-05-13 09:43:11',
       'user_activation_key' => '1715593391:$P$BflU9yZ8CqmeCoeB82dUsMHv8Ifj6L0',
       'user_status' => '0',
       'display_name' => 'customer3',
    ),
     'ID' => 4,
     'caps' => 
    array (
      'customer' => true,
    ),
     'cap_key' => 'wp_capabilities',
     'roles' => 
    array (
      0 => 'customer',
    ),
     'allcaps' => 
    array (
      'read' => true,
      'customer' => true,
    ),
     'filter' => NULL,
     'site_id' => 1,
  )),
  2 => 
  \WP_User::__set_state(array(
     'data' => 
    (object) array(
       'ID' => '5',
       'user_login' => 'customer4',
       'user_pass' => '$P$BnwzXBLrRxeaMkylJA2lePBY5GvfU5.',
       'user_nicename' => 'customer4',
       'user_email' => 'customer4@gmail.com',
       'user_url' => '',
       'user_registered' => '2024-05-13 09:43:45',
       'user_activation_key' => '1715593425:$P$BvTDBQ8E7rp.kfQxneo736X8Ccfm/E.',
       'user_status' => '0',
       'display_name' => 'customer3',
    ),
     'ID' => 5,
     'caps' => 
    array (
      'customer' => true,
    ),
     'cap_key' => 'wp_capabilities',
     'roles' => 
    array (
      0 => 'customer',
    ),
     'allcaps' => 
    array (
      'read' => true,
      'customer' => true,
    ),
     'filter' => NULL,
     'site_id' => 1,
  )),
)
13/05/2024 10:03:59:user:  : array (
  0 => 
  \WP_User::__set_state(array(
     'data' => 
    (object) array(
       'ID' => '1',
       'user_login' => 'admintest',
       'user_pass' => '$P$BTz/bQAcXQN11z6tz9kUcqvCA3ezaZ0',
       'user_nicename' => 'admintest',
       'user_email' => 'promita@dualcube.com',
       'user_url' => 'http://localhost/wordpress_test',
       'user_registered' => '2024-05-06 06:27:51',
       'user_activation_key' => '',
       'user_status' => '0',
       'display_name' => 'admintest',
    ),
     'ID' => 1,
     'caps' => 
    array (
      'administrator' => true,
    ),
     'cap_key' => 'wp_capabilities',
     'roles' => 
    array (
      0 => 'administrator',
    ),
     'allcaps' => 
    array (
      'switch_themes' => true,
      'edit_themes' => true,
      'activate_plugins' => true,
      'edit_plugins' => true,
      'edit_users' => true,
      'edit_files' => true,
      'manage_options' => true,
      'moderate_comments' => true,
      'manage_categories' => true,
      'manage_links' => true,
      'upload_files' => true,
      'import' => true,
      'unfiltered_html' => true,
      'edit_posts' => true,
      'edit_others_posts' => true,
      'edit_published_posts' => true,
      'publish_posts' => true,
      'edit_pages' => true,
      'read' => true,
      'level_10' => true,
      'level_9' => true,
      'level_8' => true,
      'level_7' => true,
      'level_6' => true,
      'level_5' => true,
      'level_4' => true,
      'level_3' => true,
      'level_2' => true,
      'level_1' => true,
      'level_0' => true,
      'edit_others_pages' => true,
      'edit_published_pages' => true,
      'publish_pages' => true,
      'delete_pages' => true,
      'delete_others_pages' => true,
      'delete_published_pages' => true,
      'delete_posts' => true,
      'delete_others_posts' => true,
      'delete_published_posts' => true,
      'delete_private_posts' => true,
      'edit_private_posts' => true,
      'read_private_posts' => true,
      'delete_private_pages' => true,
      'edit_private_pages' => true,
      'read_private_pages' => true,
      'delete_users' => true,
      'create_users' => true,
      'unfiltered_upload' => true,
      'edit_dashboard' => true,
      'update_plugins' => true,
      'delete_plugins' => true,
      'install_plugins' => true,
      'update_themes' => true,
      'install_themes' => true,
      'update_core' => true,
      'list_users' => true,
      'remove_users' => true,
      'promote_users' => true,
      'edit_theme_options' => true,
      'delete_themes' => true,
      'export' => true,
      'manage_woocommerce' => true,
      'view_woocommerce_reports' => true,
      'edit_product' => true,
      'read_product' => true,
      'delete_product' => true,
      'edit_products' => true,
      'edit_others_products' => true,
      'publish_products' => true,
      'read_private_products' => true,
      'delete_products' => true,
      'delete_private_products' => true,
      'delete_published_products' => true,
      'delete_others_products' => true,
      'edit_private_products' => true,
      'edit_published_products' => true,
      'manage_product_terms' => true,
      'edit_product_terms' => true,
      'delete_product_terms' => true,
      'assign_product_terms' => true,
      'edit_shop_order' => true,
      'read_shop_order' => true,
      'delete_shop_order' => true,
      'edit_shop_orders' => true,
      'edit_others_shop_orders' => true,
      'publish_shop_orders' => true,
      'read_private_shop_orders' => true,
      'delete_shop_orders' => true,
      'delete_private_shop_orders' => true,
      'delete_published_shop_orders' => true,
      'delete_others_shop_orders' => true,
      'edit_private_shop_orders' => true,
      'edit_published_shop_orders' => true,
      'manage_shop_order_terms' => true,
      'edit_shop_order_terms' => true,
      'delete_shop_order_terms' => true,
      'assign_shop_order_terms' => true,
      'edit_shop_coupon' => true,
      'read_shop_coupon' => true,
      'delete_shop_coupon' => true,
      'edit_shop_coupons' => true,
      'edit_others_shop_coupons' => true,
      'publish_shop_coupons' => true,
      'read_private_shop_coupons' => true,
      'delete_shop_coupons' => true,
      'delete_private_shop_coupons' => true,
      'delete_published_shop_coupons' => true,
      'delete_others_shop_coupons' => true,
      'edit_private_shop_coupons' => true,
      'edit_published_shop_coupons' => true,
      'manage_shop_coupon_terms' => true,
      'edit_shop_coupon_terms' => true,
      'delete_shop_coupon_terms' => true,
      'assign_shop_coupon_terms' => true,
      'administrator' => true,
    ),
     'filter' => NULL,
     'site_id' => 1,
  )),
  1 => 
  \WP_User::__set_state(array(
     'data' => 
    (object) array(
       'ID' => '2',
       'user_login' => 'customer1',
       'user_pass' => '$P$BJuUp0mXdCNUQ3vb7Xm8kbdfMs96/T0',
       'user_nicename' => 'customer1',
       'user_email' => 'customer1@gmail.com',
       'user_url' => '',
       'user_registered' => '2024-05-06 06:32:17',
       'user_activation_key' => '1714977137:$P$BjtsFgKxZcuxBJkGmUDYAB3taBxP4I1',
       'user_status' => '0',
       'display_name' => 'customer1',
    ),
     'ID' => 2,
     'caps' => 
    array (
      'customer' => true,
    ),
     'cap_key' => 'wp_capabilities',
     'roles' => 
    array (
      0 => 'customer',
    ),
     'allcaps' => 
    array (
      'read' => true,
      'customer' => true,
    ),
     'filter' => NULL,
     'site_id' => 1,
  )),
  2 => 
  \WP_User::__set_state(array(
     'data' => 
    (object) array(
       'ID' => '3',
       'user_login' => 'customer2',
       'user_pass' => '$P$B6.tbqNcn9/yVihlXKcjzi1V/uCz9.1',
       'user_nicename' => 'customer2',
       'user_email' => 'customer2@gmail.com',
       'user_url' => '',
       'user_registered' => '2024-05-13 09:37:41',
       'user_activation_key' => '1715593061:$P$BS.AfASSz1lfTCsly7Iq.Ri97Y9OQ81',
       'user_status' => '0',
       'display_name' => 'customer2',
    ),
     'ID' => 3,
     'caps' => 
    array (
      'customer' => true,
    ),
     'cap_key' => 'wp_capabilities',
     'roles' => 
    array (
      0 => 'customer',
    ),
     'allcaps' => 
    array (
      'read' => true,
      'customer' => true,
    ),
     'filter' => NULL,
     'site_id' => 1,
  )),
  3 => 
  \WP_User::__set_state(array(
     'data' => 
    (object) array(
       'ID' => '4',
       'user_login' => 'customer3',
       'user_pass' => '$P$BNsP6ke.xOAiB1tNLJ/Xl7hIZ/T4./1',
       'user_nicename' => 'customer3',
       'user_email' => 'customer3@gmail.com',
       'user_url' => '',
       'user_registered' => '2024-05-13 09:43:11',
       'user_activation_key' => '1715593391:$P$BflU9yZ8CqmeCoeB82dUsMHv8Ifj6L0',
       'user_status' => '0',
       'display_name' => 'customer3',
    ),
     'ID' => 4,
     'caps' => 
    array (
      'customer' => true,
    ),
     'cap_key' => 'wp_capabilities',
     'roles' => 
    array (
      0 => 'customer',
    ),
     'allcaps' => 
    array (
      'read' => true,
      'customer' => true,
    ),
     'filter' => NULL,
     'site_id' => 1,
  )),
  4 => 
  \WP_User::__set_state(array(
     'data' => 
    (object) array(
       'ID' => '5',
       'user_login' => 'customer4',
       'user_pass' => '$P$BnwzXBLrRxeaMkylJA2lePBY5GvfU5.',
       'user_nicename' => 'customer4',
       'user_email' => 'customer4@gmail.com',
       'user_url' => '',
       'user_registered' => '2024-05-13 09:43:45',
       'user_activation_key' => '1715593425:$P$BvTDBQ8E7rp.kfQxneo736X8Ccfm/E.',
       'user_status' => '0',
       'display_name' => 'customer3',
    ),
     'ID' => 5,
     'caps' => 
    array (
      'customer' => true,
    ),
     'cap_key' => 'wp_capabilities',
     'roles' => 
    array (
      0 => 'customer',
    ),
     'allcaps' => 
    array (
      'read' => true,
      'customer' => true,
    ),
     'filter' => NULL,
     'site_id' => 1,
  )),
)
